21:21:08.927 [restartedMain] INFO  org.springframework.boot.StartupInfoLogger.logStarting(StartupInfoLogger.java:50) - Starting ApplicationRun on DESKTOP-7T9MRQN with PID 16712 (D:\JavaWorkeSpace\appDome\build\classes\java\main started by nb in D:\JavaWorkeSpace\appDome)
21:21:08.936 [restartedMain] INFO  org.springframework.boot.SpringApplication.logStartupProfileInfo(SpringApplication.java:675) - No active profile set, falling back to default profiles: default
21:21:08.973 [restartedMain] INFO  org.springframework.boot.logging.DeferredLog.logTo(DeferredLog.java:227) - Devtools property defaults active! Set 'spring.devtools.add-properties' to 'false' to disable
21:21:08.974 [restartedMain] INFO  org.springframework.boot.logging.DeferredLog.logTo(DeferredLog.java:227) - For additional web related logging consider setting the 'logging.level.web' property to 'DEBUG'
21:21:09.588 [restartedMain] WARN  org.mybatis.logging.Logger.warn(Logger.java:44) - No MyBatis mapper was found in '[app.mapper.AppMapper]' package. Please check your configuration.
21:21:10.145 [restartedMain] INFO  org.springframework.boot.web.embedded.tomcat.TomcatWebServer.initialize(TomcatWebServer.java:90) - Tomcat initialized with port(s): 8080 (http)
21:21:10.156 [restartedMain] INFO  org.apache.juli.logging.DirectJDKLog.log(DirectJDKLog.java:173) - Initializing ProtocolHandler ["http-nio-8080"]
21:21:10.166 [restartedMain] INFO  org.apache.juli.logging.DirectJDKLog.log(DirectJDKLog.java:173) - Starting service [Tomcat]
21:21:10.167 [restartedMain] INFO  org.apache.juli.logging.DirectJDKLog.log(DirectJDKLog.java:173) - Starting Servlet engine: [Apache Tomcat/9.0.19]
21:21:10.277 [restartedMain] INFO  org.apache.juli.logging.DirectJDKLog.log(DirectJDKLog.java:173) - Initializing Spring embedded WebApplicationContext
21:21:10.277 [restartedMain] INFO  org.springframework.boot.web.servlet.context.ServletWebServerApplicationContext.prepareWebApplicationContext(ServletWebServerApplicationContext.java:296) - Root WebApplicationContext: initialization completed in 1303 ms
21:21:10.728 [restartedMain] INFO  org.springframework.scheduling.concurrent.ExecutorConfigurationSupport.initialize(ExecutorConfigurationSupport.java:171) - Initializing ExecutorService 'applicationTaskExecutor'
21:21:10.875 [restartedMain] INFO  org.springframework.boot.devtools.autoconfigure.OptionalLiveReloadServer.startServer(OptionalLiveReloadServer.java:57) - LiveReload server is running on port 35729
21:21:10.894 [restartedMain] INFO  org.apache.juli.logging.DirectJDKLog.log(DirectJDKLog.java:173) - Starting ProtocolHandler ["http-nio-8080"]
21:21:10.915 [restartedMain] INFO  org.springframework.boot.web.embedded.tomcat.TomcatWebServer.start(TomcatWebServer.java:204) - Tomcat started on port(s): 8080 (http) with context path ''
21:21:10.917 [restartedMain] INFO  org.springframework.boot.StartupInfoLogger.logStarted(StartupInfoLogger.java:59) - Started ApplicationRun in 2.368 seconds (JVM running for 3.377)
21:21:12.882 [http-nio-8080-exec-1] INFO  org.apache.juli.logging.DirectJDKLog.log(DirectJDKLog.java:173) - Initializing Spring DispatcherServlet 'dispatcherServlet'
21:21:12.882 [http-nio-8080-exec-1] INFO  org.springframework.web.servlet.FrameworkServlet.initServletBean(FrameworkServlet.java:524) - Initializing Servlet 'dispatcherServlet'
21:21:12.887 [http-nio-8080-exec-1] INFO  org.springframework.web.servlet.FrameworkServlet.initServletBean(FrameworkServlet.java:546) - Completed initialization in 4 ms
21:21:12.953 [http-nio-8080-exec-1] INFO  com.zaxxer.hikari.HikariDataSource.getConnection(HikariDataSource.java:110) - HikariPool-1 - Starting...
21:21:13.197 [http-nio-8080-exec-1] INFO  com.zaxxer.hikari.HikariDataSource.getConnection(HikariDataSource.java:123) - HikariPool-1 - Start completed.
21:21:13.224 [http-nio-8080-exec-1] INFO  app.controller.AppController.createDatabase(AppController.java:43) - select id from one. value is 123
