23:00:02.282 [http-nio-8080-exec-1] INFO  org.apache.juli.logging.DirectJDKLog.log(DirectJDKLog.java:173) - Initializing Spring DispatcherServlet 'dispatcherServlet'
23:00:02.287 [http-nio-8080-exec-1] INFO  org.springframework.web.servlet.FrameworkServlet.initServletBean(FrameworkServlet.java:524) - Initializing Servlet 'dispatcherServlet'
23:00:02.292 [http-nio-8080-exec-1] INFO  org.springframework.web.servlet.FrameworkServlet.initServletBean(FrameworkServlet.java:546) - Completed initialization in 5 ms
23:00:38.527 [http-nio-8080-exec-3] INFO  app.manager.csv.CsvManager.excute(CsvManager.java:34) - ONE
23:00:38.527 [http-nio-8080-exec-3] INFO  app.manager.csv.CsvManager.excute(CsvManager.java:34) - TWO
23:00:38.527 [http-nio-8080-exec-3] INFO  app.manager.csv.CsvManager.excute(CsvManager.java:34) - THREE
23:00:38.528 [http-nio-8080-exec-3] INFO  app.manager.csv.CsvManager.excute(CsvManager.java:42) - 123456789
23:00:38.529 [http-nio-8080-exec-3] INFO  app.manager.csv.CsvManager.excute(CsvManager.java:42) - 123456789
23:00:38.529 [http-nio-8080-exec-3] INFO  app.manager.csv.CsvManager.excute(CsvManager.java:42) - 123456789
23:00:38.529 [http-nio-8080-exec-3] INFO  app.manager.csv.CsvManager.excute(CsvManager.java:42) - 123456789
23:00:38.529 [http-nio-8080-exec-3] INFO  app.manager.csv.CsvManager.excute(CsvManager.java:42) - 123456789
23:00:38.529 [http-nio-8080-exec-3] INFO  app.manager.csv.CsvManager.excute(CsvManager.java:42) - 123456789
23:00:38.529 [http-nio-8080-exec-3] INFO  app.manager.csv.CsvManager.excute(CsvManager.java:42) - 123456789
23:00:38.529 [http-nio-8080-exec-3] INFO  app.manager.csv.CsvManager.excute(CsvManager.java:42) - 123456789
23:00:38.529 [http-nio-8080-exec-3] INFO  app.manager.csv.CsvManager.excute(CsvManager.java:42) - 123456789
23:00:38.529 [http-nio-8080-exec-3] INFO  app.manager.csv.CsvManager.excute(CsvManager.java:42) - 123456789
23:00:38.530 [http-nio-8080-exec-3] INFO  app.manager.csv.CsvManager.excute(CsvManager.java:42) - 123456789
23:00:38.530 [http-nio-8080-exec-3] INFO  app.manager.csv.CsvManager.excute(CsvManager.java:42) - 123456789
23:00:38.530 [http-nio-8080-exec-3] INFO  app.manager.csv.CsvManager.excute(CsvManager.java:42) - 123456789
23:00:38.530 [http-nio-8080-exec-3] INFO  app.manager.csv.CsvManager.excute(CsvManager.java:42) - 123456789
23:00:38.530 [http-nio-8080-exec-3] INFO  app.manager.csv.CsvManager.excute(CsvManager.java:42) - 123456789
23:00:38.530 [http-nio-8080-exec-3] INFO  app.manager.csv.CsvManager.excute(CsvManager.java:42) - 123456789
23:00:38.530 [http-nio-8080-exec-3] INFO  app.manager.csv.CsvManager.excute(CsvManager.java:42) - 123456789
23:00:38.530 [http-nio-8080-exec-3] INFO  app.manager.csv.CsvManager.excute(CsvManager.java:42) - 123456789
23:00:38.531 [http-nio-8080-exec-3] INFO  app.manager.csv.CsvManager.excute(CsvManager.java:42) - 123456789
23:00:38.531 [http-nio-8080-exec-3] INFO  app.manager.csv.CsvManager.excute(CsvManager.java:42) - 123456789
23:00:38.531 [http-nio-8080-exec-3] INFO  app.manager.csv.CsvManager.excute(CsvManager.java:42) - 123456789
23:00:38.531 [http-nio-8080-exec-3] INFO  app.manager.csv.CsvManager.excute(CsvManager.java:42) - 123456789
23:00:38.531 [http-nio-8080-exec-3] INFO  app.manager.csv.CsvManager.excute(CsvManager.java:42) - 123456789
23:00:38.531 [http-nio-8080-exec-3] INFO  app.manager.csv.CsvManager.excute(CsvManager.java:42) - 123456789
23:00:38.531 [http-nio-8080-exec-3] INFO  app.manager.csv.CsvManager.excute(CsvManager.java:42) - 123456789
23:00:38.532 [http-nio-8080-exec-3] INFO  app.manager.csv.CsvManager.excute(CsvManager.java:42) - 123456789
23:00:38.532 [http-nio-8080-exec-3] INFO  app.manager.csv.CsvManager.excute(CsvManager.java:42) - 123456789
23:00:38.532 [http-nio-8080-exec-3] INFO  app.manager.csv.CsvManager.excute(CsvManager.java:42) - 123456789
23:00:38.532 [http-nio-8080-exec-3] INFO  app.manager.csv.CsvManager.excute(CsvManager.java:42) - 123456789
23:00:38.532 [http-nio-8080-exec-3] INFO  app.manager.csv.CsvManager.excute(CsvManager.java:42) - 123456789
23:00:38.533 [http-nio-8080-exec-3] INFO  app.manager.csv.CsvManager.excute(CsvManager.java:42) - 123456789
23:00:38.533 [http-nio-8080-exec-3] INFO  app.manager.csv.CsvManager.excute(CsvManager.java:42) - 123456789
23:00:38.533 [http-nio-8080-exec-3] INFO  app.manager.csv.CsvManager.excute(CsvManager.java:42) - 123456789
23:00:38.533 [http-nio-8080-exec-3] INFO  app.manager.csv.CsvManager.excute(CsvManager.java:42) - 123456789
23:00:38.533 [http-nio-8080-exec-3] INFO  app.manager.csv.CsvManager.excute(CsvManager.java:42) - 123456789
23:00:38.534 [http-nio-8080-exec-3] INFO  app.manager.csv.CsvManager.excute(CsvManager.java:42) - 123456789
23:00:38.534 [http-nio-8080-exec-3] INFO  app.manager.csv.CsvManager.excute(CsvManager.java:42) - 123456789
23:00:38.534 [http-nio-8080-exec-3] INFO  app.manager.csv.CsvManager.excute(CsvManager.java:42) - 123456789
23:00:38.534 [http-nio-8080-exec-3] INFO  app.manager.csv.CsvManager.excute(CsvManager.java:42) - 123456789
23:00:38.534 [http-nio-8080-exec-3] INFO  app.manager.csv.CsvManager.excute(CsvManager.java:42) - 123456789
23:00:38.534 [http-nio-8080-exec-3] INFO  app.manager.csv.CsvManager.excute(CsvManager.java:42) - 123456789
23:00:38.534 [http-nio-8080-exec-3] INFO  app.manager.csv.CsvManager.excute(CsvManager.java:42) - 123456789
23:00:38.535 [http-nio-8080-exec-3] INFO  app.manager.csv.CsvManager.excute(CsvManager.java:42) - 123456789
23:00:38.535 [http-nio-8080-exec-3] INFO  app.manager.csv.CsvManager.excute(CsvManager.java:42) - 123456789
23:00:38.535 [http-nio-8080-exec-3] INFO  app.manager.csv.CsvManager.excute(CsvManager.java:42) - 123456789
23:00:38.535 [http-nio-8080-exec-3] INFO  app.manager.csv.CsvManager.excute(CsvManager.java:42) - 123456789
23:00:38.535 [http-nio-8080-exec-3] INFO  app.manager.csv.CsvManager.excute(CsvManager.java:42) - 123456789
23:00:38.535 [http-nio-8080-exec-3] INFO  app.manager.csv.CsvManager.excute(CsvManager.java:42) - 123456789
23:00:38.535 [http-nio-8080-exec-3] INFO  app.manager.csv.CsvManager.excute(CsvManager.java:42) - 123456789
23:00:38.536 [http-nio-8080-exec-3] INFO  app.manager.csv.CsvManager.excute(CsvManager.java:42) - 123456789
23:00:38.536 [http-nio-8080-exec-3] INFO  app.manager.csv.CsvManager.excute(CsvManager.java:42) - 123456789
23:00:38.536 [http-nio-8080-exec-3] INFO  app.manager.csv.CsvManager.excute(CsvManager.java:42) - 123456789
23:00:38.536 [http-nio-8080-exec-3] INFO  app.manager.csv.CsvManager.excute(CsvManager.java:42) - 123456789
23:00:38.536 [http-nio-8080-exec-3] INFO  app.manager.csv.CsvManager.excute(CsvManager.java:42) - 123456789
23:00:38.536 [http-nio-8080-exec-3] INFO  app.manager.csv.CsvManager.excute(CsvManager.java:42) - 123456789
23:00:38.536 [http-nio-8080-exec-3] INFO  app.manager.csv.CsvManager.excute(CsvManager.java:42) - 123456789
23:00:38.536 [http-nio-8080-exec-3] INFO  app.manager.csv.CsvManager.excute(CsvManager.java:42) - 123456789
23:00:38.536 [http-nio-8080-exec-3] INFO  app.manager.csv.CsvManager.excute(CsvManager.java:42) - 123456789
23:00:38.537 [http-nio-8080-exec-3] INFO  app.manager.csv.CsvManager.excute(CsvManager.java:42) - 123456789
23:00:38.537 [http-nio-8080-exec-3] INFO  app.manager.csv.CsvManager.excute(CsvManager.java:42) - 123456789
23:00:38.537 [http-nio-8080-exec-3] INFO  app.manager.csv.CsvManager.excute(CsvManager.java:42) - 123456789
23:00:38.537 [http-nio-8080-exec-3] INFO  app.manager.csv.CsvManager.excute(CsvManager.java:42) - 123456789
23:00:38.537 [http-nio-8080-exec-3] INFO  app.manager.csv.CsvManager.excute(CsvManager.java:42) - 123456789
23:00:38.537 [http-nio-8080-exec-3] INFO  app.manager.csv.CsvManager.excute(CsvManager.java:42) - 123456789
23:00:38.537 [http-nio-8080-exec-3] INFO  app.manager.csv.CsvManager.excute(CsvManager.java:42) - 123456789
23:00:38.537 [http-nio-8080-exec-3] INFO  app.manager.csv.CsvManager.excute(CsvManager.java:42) - 123456789
23:00:38.537 [http-nio-8080-exec-3] INFO  app.manager.csv.CsvManager.excute(CsvManager.java:42) - 123456789
23:00:38.537 [http-nio-8080-exec-3] INFO  app.manager.csv.CsvManager.excute(CsvManager.java:42) - 123456789
23:00:38.538 [http-nio-8080-exec-3] INFO  app.manager.csv.CsvManager.excute(CsvManager.java:42) - 123456789
23:00:38.538 [http-nio-8080-exec-3] INFO  app.manager.csv.CsvManager.excute(CsvManager.java:42) - 123456789
23:00:38.538 [http-nio-8080-exec-3] INFO  app.manager.csv.CsvManager.excute(CsvManager.java:42) - 123456789
23:00:38.538 [http-nio-8080-exec-3] INFO  app.manager.csv.CsvManager.excute(CsvManager.java:42) - 123456789
23:00:38.538 [http-nio-8080-exec-3] INFO  app.manager.csv.CsvManager.excute(CsvManager.java:42) - 123456789
23:00:38.538 [http-nio-8080-exec-3] INFO  app.manager.csv.CsvManager.excute(CsvManager.java:42) - 123456789
23:00:38.538 [http-nio-8080-exec-3] INFO  app.manager.csv.CsvManager.excute(CsvManager.java:42) - 123456789
23:00:38.538 [http-nio-8080-exec-3] INFO  app.manager.csv.CsvManager.excute(CsvManager.java:42) - 123456789
23:00:38.538 [http-nio-8080-exec-3] INFO  app.manager.csv.CsvManager.excute(CsvManager.java:42) - 123456789
23:00:38.538 [http-nio-8080-exec-3] INFO  app.manager.csv.CsvManager.excute(CsvManager.java:42) - 123456789
23:00:38.539 [http-nio-8080-exec-3] INFO  app.manager.csv.CsvManager.excute(CsvManager.java:42) - 123456789
23:00:38.539 [http-nio-8080-exec-3] INFO  app.manager.csv.CsvManager.excute(CsvManager.java:42) - 123456789
23:00:38.539 [http-nio-8080-exec-3] INFO  app.manager.csv.CsvManager.excute(CsvManager.java:42) - 123456789
23:00:38.539 [http-nio-8080-exec-3] INFO  app.manager.csv.CsvManager.excute(CsvManager.java:42) - 123456789
23:00:38.539 [http-nio-8080-exec-3] INFO  app.manager.csv.CsvManager.excute(CsvManager.java:42) - 123456789
23:00:38.539 [http-nio-8080-exec-3] INFO  app.manager.csv.CsvManager.excute(CsvManager.java:42) - 123456789
23:00:38.539 [http-nio-8080-exec-3] INFO  app.manager.csv.CsvManager.excute(CsvManager.java:42) - 123456789
23:00:38.539 [http-nio-8080-exec-3] INFO  app.manager.csv.CsvManager.excute(CsvManager.java:42) - 123456789
23:00:38.539 [http-nio-8080-exec-3] INFO  app.manager.csv.CsvManager.excute(CsvManager.java:42) - 123456789
23:00:38.539 [http-nio-8080-exec-3] INFO  app.manager.csv.CsvManager.excute(CsvManager.java:42) - 123456789
23:00:38.540 [http-nio-8080-exec-3] INFO  app.manager.csv.CsvManager.excute(CsvManager.java:42) - 123456789
23:00:38.540 [http-nio-8080-exec-3] INFO  app.manager.csv.CsvManager.excute(CsvManager.java:42) - 123456789
23:00:38.540 [http-nio-8080-exec-3] INFO  app.manager.csv.CsvManager.excute(CsvManager.java:42) - 123456789
23:00:38.540 [http-nio-8080-exec-3] INFO  app.manager.csv.CsvManager.excute(CsvManager.java:42) - 123456789
23:00:38.540 [http-nio-8080-exec-3] INFO  app.manager.csv.CsvManager.excute(CsvManager.java:42) - 123456789
23:00:38.540 [http-nio-8080-exec-3] INFO  app.manager.csv.CsvManager.excute(CsvManager.java:42) - 123456789
23:00:38.540 [http-nio-8080-exec-3] INFO  app.manager.csv.CsvManager.excute(CsvManager.java:42) - 123456789
23:00:38.540 [http-nio-8080-exec-3] INFO  app.manager.csv.CsvManager.excute(CsvManager.java:42) - 123456789
23:00:38.540 [http-nio-8080-exec-3] INFO  app.manager.csv.CsvManager.excute(CsvManager.java:42) - 123456789
23:00:38.541 [http-nio-8080-exec-3] INFO  app.manager.csv.CsvManager.excute(CsvManager.java:42) - 123456789
23:00:38.541 [http-nio-8080-exec-3] INFO  app.manager.csv.CsvManager.excute(CsvManager.java:42) - 123456789
23:00:38.541 [http-nio-8080-exec-3] INFO  app.manager.csv.CsvManager.excute(CsvManager.java:42) - 123456789
